[07-May-2023 02:00:00] NOTICE: fpm is running, pid 316
[07-May-2023 02:00:00] NOTICE: ready to handle connections
[11-May-2023 23:05:59] NOTICE: fpm is running, pid 179
[11-May-2023 23:05:59] NOTICE: ready to handle connections
[12-May-2023 18:39:35] NOTICE: fpm is running, pid 176
[12-May-2023 18:39:35] NOTICE: ready to handle connections
[12-May-2023 22:57:06] NOTICE: fpm is running, pid 177
[12-May-2023 22:57:06] NOTICE: ready to handle connections
[14-May-2023 14:45:07] NOTICE: fpm is running, pid 178
[14-May-2023 14:45:07] NOTICE: ready to handle connections
[14-May-2023 15:14:26] NOTICE: fpm is running, pid 177
[14-May-2023 15:14:26] NOTICE: ready to handle connections
[25-May-2023 02:53:25] NOTICE: fpm is running, pid 177
[25-May-2023 02:53:25] NOTICE: ready to handle connections
[27-May-2023 12:44:39] NOTICE: fpm is running, pid 178
[27-May-2023 12:44:39] NOTICE: ready to handle connections
[27-May-2023 13:18:04] NOTICE: fpm is running, pid 177
[27-May-2023 13:18:04] NOTICE: ready to handle connections
[03-Jun-2023 17:51:40] NOTICE: fpm is running, pid 176
[03-Jun-2023 17:51:40] NOTICE: ready to handle connections
[04-Jun-2023 09:56:13] NOTICE: fpm is running, pid 176
[04-Jun-2023 09:56:13] NOTICE: ready to handle connections
[04-Jun-2023 09:58:07] NOTICE: Terminating ...
[04-Jun-2023 09:58:07] NOTICE: exiting, bye-bye!
[04-Jun-2023 09:58:14] NOTICE: fpm is running, pid 177
[04-Jun-2023 09:58:14] NOTICE: ready to handle connections
[04-Jun-2023 09:59:30] NOTICE: Terminating ...
[04-Jun-2023 09:59:30] NOTICE: exiting, bye-bye!
[04-Jun-2023 09:59:36] NOTICE: fpm is running, pid 197
[04-Jun-2023 09:59:36] NOTICE: ready to handle connections
[05-Jun-2023 21:11:37] NOTICE: fpm is running, pid 176
[05-Jun-2023 21:11:37] NOTICE: ready to handle connections
[06-Jun-2023 20:32:44] NOTICE: fpm is running, pid 176
[06-Jun-2023 20:32:44] NOTICE: ready to handle connections
